<?xml version="1.0" encoding="UTF-8"?>
<!-- Generated by org.testng.reporters.JUnitReportReporter -->
<testsuite hostname="LIN59017752" failures="0" tests="2" name="com.auto.test.LoginTest" time="22.201" errors="0" timestamp="2021-07-21T18:27:08 IST" skipped="0">
  <testcase classname="com.auto.test.LoginTest" name="login" time="5.477"/>
  <system-out/>
  <testcase classname="com.auto.test.LoginTest" name="login" time="16.724"/>
  <system-out/>
</testsuite> <!-- com.auto.test.LoginTest -->
