<?xml version="1.0" encoding="UTF-8"?>
<!-- Generated by org.testng.reporters.JUnitReportReporter -->
<testsuite hostname="LIN59017752" failures="0" tests="1" name="com.auto.test.TestTwo" time="0.002" errors="0" timestamp="2021-07-21T18:27:08 IST" skipped="0">
  <testcase classname="com.auto.test.TestTwo" name="testTwo" time="0.002"/>
  <system-out/>
</testsuite> <!-- com.auto.test.TestTwo -->
